# JRE version: Java(TM) SE Runtime Environment (8.0_71-b15) (build 1.8.0_71-b15)
# Java VM: Java HotSpot(TM) 64-Bit Server VM (25.71-b15 mixed mode linux-amd64 compressed oops)
Heap:
 PSYoungGen      total 595968K, used 266573K [0x0000000755580000, 0x000000079ad80000, 0x00000007c0000000)
  eden space 122368K, 0% used [0x0000000755580000,0x0000000755580000,0x000000075cd00000)
  from space 473600K, 56% used [0x000000075cd00000,0x000000076d153520,0x0000000779b80000)
  to   space 483840K, 0% used [0x000000077d500000,0x000000077d500000,0x000000079ad80000)
 ParOldGen       total 976896K, used 976883K [0x0000000680000000, 0x00000006bba00000, 0x0000000755580000)
  object space 976896K, 99% used [0x0000000680000000,0x00000006bb9fcf98,0x00000006bba00000)
 Metaspace       used 4734K, capacity 5228K, committed 5504K, reserved 1056768K
  class space    used 489K, capacity 530K, committed 640K, reserved 1048576K
GC Heap History (10 events):
Event: 9.483 GC heap after
Heap after GC invocations=12 (full 3):
 PSYoungGen      total 456192K, used 215358K [0x0000000755580000, 0x0000000786a80000, 0x00000007c0000000)
  eden space 177664K, 0% used [0x0000000755580000,0x0000000755580000,0x0000000760300000)
  from space 278528K, 77% used [0x0000000760300000,0x000000076d54fb58,0x0000000771300000)
  to   space 299008K, 0% used [0x0000000774680000,0x0000000774680000,0x0000000786a80000)
 ParOldGen       total 976896K, used 608796K [0x0000000680000000, 0x00000006bba00000, 0x0000000755580000)
  object space 976896K, 62% used [0x0000000680000000,0x00000006a52871b0,0x00000006bba00000)
 Metaspace       used 4734K, capacity 5228K, committed 5504K, reserved 1056768K
  class space    used 489K, capacity 530K, committed 640K, reserved 1048576K
}
Event: 9.580 GC heap before
{Heap before GC invocations=13 (full 3):
 PSYoungGen      total 456192K, used 393022K [0x0000000755580000, 0x0000000786a80000, 0x00000007c0000000)
  eden space 177664K, 100% used [0x0000000755580000,0x0000000760300000,0x0000000760300000)
  from space 278528K, 77% used [0x0000000760300000,0x000000076d54fb58,0x0000000771300000)
  to   space 299008K, 0% used [0x0000000774680000,0x0000000774680000,0x0000000786a80000)
 ParOldGen       total 976896K, used 608796K [0x0000000680000000, 0x00000006bba00000, 0x0000000755580000)
  object space 976896K, 62% used [0x0000000680000000,0x00000006a52871b0,0x00000006bba00000)
 Metaspace       used 4734K, capacity 5228K, committed 5504K, reserved 1056768K
  class space    used 489K, capacity 530K, committed 640K, reserved 1048576K
Event: 9.831 GC heap after
Heap after GC invocations=13 (full 3):
 PSYoungGen      total 448512K, used 299006K [0x0000000755580000, 0x000000078e980000, 0x00000007c0000000)
  eden space 149504K, 0% used [0x0000000755580000,0x0000000755580000,0x000000075e780000)
  from space 299008K, 99% used [0x0000000774680000,0x0000000786a7f8f8,0x0000000786a80000)
  to   space 359424K, 0% used [0x000000075e780000,0x000000075e780000,0x0000000774680000)
 ParOldGen       total 976896K, used 649956K [0x0000000680000000, 0x00000006bba00000, 0x0000000755580000)
  object space 976896K, 66% used [0x0000000680000000,0x00000006a7ab91b0,0x00000006bba00000)
 Metaspace       used 4734K, capacity 5228K, committed 5504K, reserved 1056768K
  class space    used 489K, capacity 530K, committed 640K, reserved 1048576K
}
Event: 9.901 GC heap before
{Heap before GC invocations=14 (full 3):
 PSYoungGen      total 448512K, used 448510K [0x0000000755580000, 0x000000078e980000, 0x00000007c0000000)
  eden space 149504K, 100% used [0x0000000755580000,0x000000075e780000,0x000000075e780000)
  from space 299008K, 99% used [0x0000000774680000,0x0000000786a7f8f8,0x0000000786a80000)
  to   space 359424K, 0% used [0x000000075e780000,0x000000075e780000,0x0000000774680000)
 ParOldGen       total 976896K, used 649956K [0x0000000680000000, 0x00000006bba00000, 0x0000000755580000)
  object space 976896K, 66% used [0x0000000680000000,0x00000006a7ab91b0,0x00000006bba00000)
 Metaspace       used 4734K, capacity 5228K, committed 5504K, reserved 1056768K
  class space    used 489K, capacity 530K, committed 640K, reserved 1048576K
Event: 10.188 GC heap after
Heap after GC invocations=14 (full 3):
 PSYoungGen      total 508928K, used 322206K [0x0000000755580000, 0x0000000792400000, 0x00000007c0000000)
  eden space 149504K, 0% used [0x0000000755580000,0x0000000755580000,0x000000075e780000)
  from space 359424K, 89% used [0x000000075e780000,0x00000007722278f8,0x0000000774680000)
  to   space 401920K, 0% used [0x0000000779b80000,0x0000000779b80000,0x0000000792400000)
 ParOldGen       total 976896K, used 732324K [0x0000000680000000, 0x00000006bba00000, 0x0000000755580000)
  object space 976896K, 74% used [0x0000000680000000,0x00000006acb291d0,0x00000006bba00000)
 Metaspace       used 4734K, capacity 5228K, committed 5504K, reserved 1056768K
  class space    used 489K, capacity 530K, committed 640K, reserved 1048576K
}
Event: 10.259 GC heap before
{Heap before GC invocations=15 (full 3):
 PSYoungGen      total 508928K, used 471710K [0x0000000755580000, 0x0000000792400000, 0x00000007c0000000)
  eden space 149504K, 100% used [0x0000000755580000,0x000000075e780000,0x000000075e780000)
  from space 359424K, 89% used [0x000000075e780000,0x00000007722278f8,0x0000000774680000)
  to   space 401920K, 0% used [0x0000000779b80000,0x0000000779b80000,0x0000000792400000)
 ParOldGen       total 976896K, used 732324K [0x0000000680000000, 0x00000006bba00000, 0x0000000755580000)
  object space 976896K, 74% used [0x0000000680000000,0x00000006acb291d0,0x00000006bba00000)
 Metaspace       used 4734K, capacity 5228K, committed 5504K, reserved 1056768K
  class space    used 489K, capacity 530K, committed 640K, reserved 1048576K
Event: 10.658 GC heap after
Heap after GC invocations=15 (full 3):
 PSYoungGen      total 524288K, used 401917K [0x0000000755580000, 0x000000079b780000, 0x00000007c0000000)
  eden space 122368K, 0% used [0x0000000755580000,0x0000000755580000,0x000000075cd00000)
  from space 401920K, 99% used [0x0000000779b80000,0x00000007923ff568,0x0000000792400000)
  to   space 473600K, 0% used [0x000000075cd00000,0x000000075cd00000,0x0000000779b80000)
 ParOldGen       total 976896K, used 757228K [0x0000000680000000, 0x00000006bba00000, 0x0000000755580000)
  object space 976896K, 77% used [0x0000000680000000,0x00000006ae37b1d0,0x00000006bba00000)
 Metaspace       used 4734K, capacity 5228K, committed 5504K, reserved 1056768K
  class space    used 489K, capacity 530K, committed 640K, reserved 1048576K
}
Event: 10.724 GC heap before
{Heap before GC invocations=16 (full 3):
 PSYoungGen      total 524288K, used 524285K [0x0000000755580000, 0x000000079b780000, 0x00000007c0000000)
  eden space 122368K, 100% used [0x0000000755580000,0x000000075cd00000,0x000000075cd00000)
  from space 401920K, 99% used [0x0000000779b80000,0x00000007923ff568,0x0000000792400000)
  to   space 473600K, 0% used [0x000000075cd00000,0x000000075cd00000,0x0000000779b80000)
 ParOldGen       total 976896K, used 757228K [0x0000000680000000, 0x00000006bba00000, 0x0000000755580000)
  object space 976896K, 77% used [0x0000000680000000,0x00000006ae37b1d0,0x00000006bba00000)
 Metaspace       used 4734K, capacity 5228K, committed 5504K, reserved 1056768K
  class space    used 489K, capacity 530K, committed 640K, reserved 1048576K
Event: 11.220 GC heap after
Heap after GC invocations=16 (full 3):
 PSYoungGen      total 595968K, used 298173K [0x0000000755580000, 0x000000079ad80000, 0x00000007c0000000)
  eden space 122368K, 0% used [0x0000000755580000,0x0000000755580000,0x000000075cd00000)
  from space 473600K, 62% used [0x000000075cd00000,0x000000076f02f568,0x0000000779b80000)
  to   space 483840K, 0% used [0x000000077d500000,0x000000077d500000,0x000000079ad80000)
 ParOldGen       total 976896K, used 947788K [0x0000000680000000, 0x00000006bba00000, 0x0000000755580000)
  object space 976896K, 97% used [0x0000000680000000,0x00000006b9d931d0,0x00000006bba00000)
 Metaspace       used 4734K, capacity 5228K, committed 5504K, reserved 1056768K
  class space    used 489K, capacity 530K, committed 640K, reserved 1048576K
}
Event: 11.220 GC heap before
{Heap before GC invocations=17 (full 4):
 PSYoungGen      total 595968K, used 298173K [0x0000000755580000, 0x000000079ad80000, 0x00000007c0000000)
  eden space 122368K, 0% used [0x0000000755580000,0x0000000755580000,0x000000075cd00000)
  from space 473600K, 62% used [0x000000075cd00000,0x000000076f02f568,0x0000000779b80000)
  to   space 483840K, 0% used [0x000000077d500000,0x000000077d500000,0x000000079ad80000)
 ParOldGen       total 976896K, used 947788K [0x0000000680000000, 0x00000006bba00000, 0x0000000755580000)
  object space 976896K, 97% used [0x0000000680000000,0x00000006b9d931d0,0x00000006bba00000)
 Metaspace       used 4734K, capacity 5228K, committed 5504K, reserved 1056768K
  class space    used 489K, capacity 530K, committed 640K, reserved 1048576K

