# JRE version: Java(TM) SE Runtime Environment (8.0_71-b15) (build 1.8.0_71-b15)
# Java VM: Java HotSpot(TM) 64-Bit Server VM (25.71-b15 mixed mode linux-amd64 compressed oops)
Heap:
 PSYoungGen      total 1216000K, used 147490K [0x0000000755580000, 0x00000007b0580000, 0x00000007c0000000)
  eden space 963072K, 0% used [0x0000000755580000,0x0000000755580000,0x0000000790200000)
  from space 252928K, 58% used [0x0000000790200000,0x0000000799208b60,0x000000079f900000)
  to   space 248832K, 0% used [0x000000079f900000,0x000000079f900000,0x00000007aec00000)
 ParOldGen       total 486912K, used 339672K [0x0000000680000000, 0x000000069db80000, 0x0000000755580000)
  object space 486912K, 69% used [0x0000000680000000,0x0000000694bb62a0,0x000000069db80000)
 Metaspace       used 5915K, capacity 6072K, committed 6144K, reserved 1056768K
  class space    used 631K, capacity 701K, committed 768K, reserved 1048576K
GC Heap History (10 events):
Event: 7.375 GC heap after
Heap after GC invocations=9 (full 1):
 PSYoungGen      total 804352K, used 155634K [0x0000000755580000, 0x00000007a6d80000, 0x00000007c0000000)
  eden space 648704K, 0% used [0x0000000755580000,0x0000000755580000,0x000000077cf00000)
  from space 155648K, 99% used [0x000000079d580000,0x00000007a6d7cb80,0x00000007a6d80000)
  to   space 221184K, 0% used [0x000000078bd80000,0x000000078bd80000,0x0000000799580000)
 ParOldGen       total 486912K, used 331456K [0x0000000680000000, 0x000000069db80000, 0x0000000755580000)
  object space 486912K, 68% used [0x0000000680000000,0x00000006943b0290,0x000000069db80000)
 Metaspace       used 5888K, capacity 6072K, committed 6144K, reserved 1056768K
  class space    used 631K, capacity 701K, committed 768K, reserved 1048576K
}
Event: 8.410 GC heap before
{Heap before GC invocations=10 (full 1):
 PSYoungGen      total 804352K, used 804338K [0x0000000755580000, 0x00000007a6d80000, 0x00000007c0000000)
  eden space 648704K, 100% used [0x0000000755580000,0x000000077cf00000,0x000000077cf00000)
  from space 155648K, 99% used [0x000000079d580000,0x00000007a6d7cb80,0x00000007a6d80000)
  to   space 221184K, 0% used [0x000000078bd80000,0x000000078bd80000,0x0000000799580000)
 ParOldGen       total 486912K, used 331456K [0x0000000680000000, 0x000000069db80000, 0x0000000755580000)
  object space 486912K, 68% used [0x0000000680000000,0x00000006943b0290,0x000000069db80000)
 Metaspace       used 5914K, capacity 6072K, committed 6144K, reserved 1056768K
  class space    used 631K, capacity 701K, committed 768K, reserved 1048576K
Event: 8.912 GC heap after
Heap after GC invocations=10 (full 1):
 PSYoungGen      total 921600K, used 147554K [0x0000000755580000, 0x00000007a1300000, 0x00000007c0000000)
  eden space 773632K, 0% used [0x0000000755580000,0x0000000755580000,0x0000000784900000)
  from space 147968K, 99% used [0x000000078bd80000,0x0000000794d98b60,0x0000000794e00000)
  to   space 201728K, 0% used [0x0000000794e00000,0x0000000794e00000,0x00000007a1300000)
 ParOldGen       total 486912K, used 339664K [0x0000000680000000, 0x000000069db80000, 0x0000000755580000)
  object space 486912K, 69% used [0x0000000680000000,0x0000000694bb42a0,0x000000069db80000)
 Metaspace       used 5914K, capacity 6072K, committed 6144K, reserved 1056768K
  class space    used 631K, capacity 701K, committed 768K, reserved 1048576K
}
Event: 9.993 GC heap before
{Heap before GC invocations=11 (full 1):
 PSYoungGen      total 921600K, used 921186K [0x0000000755580000, 0x00000007a1300000, 0x00000007c0000000)
  eden space 773632K, 100% used [0x0000000755580000,0x0000000784900000,0x0000000784900000)
  from space 147968K, 99% used [0x000000078bd80000,0x0000000794d98b60,0x0000000794e00000)
  to   space 201728K, 0% used [0x0000000794e00000,0x0000000794e00000,0x00000007a1300000)
 ParOldGen       total 486912K, used 339664K [0x0000000680000000, 0x000000069db80000, 0x0000000755580000)
  object space 486912K, 69% used [0x0000000680000000,0x0000000694bb42a0,0x000000069db80000)
 Metaspace       used 5914K, capacity 6072K, committed 6144K, reserved 1056768K
  class space    used 631K, capacity 701K, committed 768K, reserved 1048576K
Event: 10.385 GC heap after
Heap after GC invocations=11 (full 1):
 PSYoungGen      total 999424K, used 147522K [0x0000000755580000, 0x00000007abe80000, 0x00000007c0000000)
  eden space 797696K, 0% used [0x0000000755580000,0x0000000755580000,0x0000000786080000)
  from space 201728K, 73% used [0x0000000794e00000,0x000000079de10b40,0x00000007a1300000)
  to   space 243200K, 0% used [0x0000000786080000,0x0000000786080000,0x0000000794e00000)
 ParOldGen       total 486912K, used 339672K [0x0000000680000000, 0x000000069db80000, 0x0000000755580000)
  object space 486912K, 69% used [0x0000000680000000,0x0000000694bb62a0,0x000000069db80000)
 Metaspace       used 5914K, capacity 6072K, committed 6144K, reserved 1056768K
  class space    used 631K, capacity 701K, committed 768K, reserved 1048576K
}
Event: 11.269 GC heap before
{Heap before GC invocations=12 (full 1):
 PSYoungGen      total 999424K, used 945218K [0x0000000755580000, 0x00000007abe80000, 0x00000007c0000000)
  eden space 797696K, 100% used [0x0000000755580000,0x0000000786080000,0x0000000786080000)
  from space 201728K, 73% used [0x0000000794e00000,0x000000079de10b40,0x00000007a1300000)
  to   space 243200K, 0% used [0x0000000786080000,0x0000000786080000,0x0000000794e00000)
 ParOldGen       total 486912K, used 339672K [0x0000000680000000, 0x000000069db80000, 0x0000000755580000)
  object space 486912K, 69% used [0x0000000680000000,0x0000000694bb62a0,0x000000069db80000)
 Metaspace       used 5915K, capacity 6072K, committed 6144K, reserved 1056768K
  class space    used 631K, capacity 701K, committed 768K, reserved 1048576K
Event: 11.583 GC heap after
Heap after GC invocations=12 (full 1):
 PSYoungGen      total 1040896K, used 147490K [0x0000000755580000, 0x00000007aec00000, 0x00000007c0000000)
  eden space 797696K, 0% used [0x0000000755580000,0x0000000755580000,0x0000000786080000)
  from space 243200K, 60% used [0x0000000786080000,0x000000078f088b60,0x0000000794e00000)
  to   space 248832K, 0% used [0x000000079f900000,0x000000079f900000,0x00000007aec00000)
 ParOldGen       total 486912K, used 339672K [0x0000000680000000, 0x000000069db80000, 0x0000000755580000)
  object space 486912K, 69% used [0x0000000680000000,0x0000000694bb62a0,0x000000069db80000)
 Metaspace       used 5915K, capacity 6072K, committed 6144K, reserved 1056768K
  class space    used 631K, capacity 701K, committed 768K, reserved 1048576K
}
Event: 12.511 GC heap before
{Heap before GC invocations=13 (full 1):
 PSYoungGen      total 1040896K, used 945186K [0x0000000755580000, 0x00000007aec00000, 0x00000007c0000000)
  eden space 797696K, 100% used [0x0000000755580000,0x0000000786080000,0x0000000786080000)
  from space 243200K, 60% used [0x0000000786080000,0x000000078f088b60,0x0000000794e00000)
  to   space 248832K, 0% used [0x000000079f900000,0x000000079f900000,0x00000007aec00000)
 ParOldGen       total 486912K, used 339672K [0x0000000680000000, 0x000000069db80000, 0x0000000755580000)
  object space 486912K, 69% used [0x0000000680000000,0x0000000694bb62a0,0x000000069db80000)
 Metaspace       used 5915K, capacity 6072K, committed 6144K, reserved 1056768K
  class space    used 631K, capacity 701K, committed 768K, reserved 1048576K
Event: 13.085 GC heap after
Heap after GC invocations=13 (full 1):
 PSYoungGen      total 1211904K, used 147506K [0x0000000755580000, 0x00000007b0580000, 0x00000007c0000000)
  eden space 963072K, 0% used [0x0000000755580000,0x0000000755580000,0x0000000790200000)
  from space 248832K, 59% used [0x000000079f900000,0x00000007a890cb70,0x00000007aec00000)
  to   space 252928K, 0% used [0x0000000790200000,0x0000000790200000,0x000000079f900000)
 ParOldGen       total 486912K, used 339672K [0x0000000680000000, 0x000000069db80000, 0x0000000755580000)
  object space 486912K, 69% used [0x0000000680000000,0x0000000694bb62a0,0x000000069db80000)
 Metaspace       used 5915K, capacity 6072K, committed 6144K, reserved 1056768K
  class space    used 631K, capacity 701K, committed 768K, reserved 1048576K
}
Event: 14.027 GC heap before
{Heap before GC invocations=14 (full 1):
 PSYoungGen      total 1211904K, used 1110578K [0x0000000755580000, 0x00000007b0580000, 0x00000007c0000000)
  eden space 963072K, 100% used [0x0000000755580000,0x0000000790200000,0x0000000790200000)
  from space 248832K, 59% used [0x000000079f900000,0x00000007a890cb70,0x00000007aec00000)
  to   space 252928K, 0% used [0x0000000790200000,0x0000000790200000,0x000000079f900000)
 ParOldGen       total 486912K, used 339672K [0x0000000680000000, 0x000000069db80000, 0x0000000755580000)
  object space 486912K, 69% used [0x0000000680000000,0x0000000694bb62a0,0x000000069db80000)
 Metaspace       used 5915K, capacity 6072K, committed 6144K, reserved 1056768K
  class space    used 631K, capacity 701K, committed 768K, reserved 1048576K

