# JRE version: Java(TM) SE Runtime Environment (8.0_71-b15) (build 1.8.0_71-b15)
# Java VM: Java HotSpot(TM) 64-Bit Server VM (25.71-b15 mixed mode linux-amd64 compressed oops)
Heap:
 PSYoungGen      total 1068544K, used 159038K [0x0000000755580000, 0x00000007c0000000, 0x00000007c0000000)
  eden space 583168K, 0% used [0x0000000755580000,0x0000000755580000,0x0000000778f00000)
  from space 485376K, 32% used [0x00000007a1d00000,0x00000007ab84fbf0,0x00000007bf700000)
  to   space 582144K, 0% used [0x0000000778f00000,0x0000000778f00000,0x000000079c780000)
 ParOldGen       total 1479680K, used 1479176K [0x0000000680000000, 0x00000006da500000, 0x0000000755580000)
  object space 1479680K, 99% used [0x0000000680000000,0x00000006da482280,0x00000006da500000)
 Metaspace       used 5713K, capacity 5870K, committed 6144K, reserved 1056768K
  class space    used 625K, capacity 699K, committed 768K, reserved 1048576K
GC Heap History (10 events):
Event: 8.928 GC heap after
Heap after GC invocations=9 (full 1):
 PSYoungGen      total 816640K, used 154100K [0x0000000755580000, 0x00000007a6980000, 0x00000007c0000000)
  eden space 662528K, 0% used [0x0000000755580000,0x0000000755580000,0x000000077dc80000)
  from space 154112K, 99% used [0x000000079d300000,0x00000007a697d120,0x00000007a6980000)
  to   space 297472K, 0% used [0x0000000782480000,0x0000000782480000,0x0000000794700000)
 ParOldGen       total 507904K, used 507437K [0x0000000680000000, 0x000000069f000000, 0x0000000755580000)
  object space 507904K, 99% used [0x0000000680000000,0x000000069ef8b688,0x000000069f000000)
 Metaspace       used 5711K, capacity 5870K, committed 6144K, reserved 1056768K
  class space    used 625K, capacity 699K, committed 768K, reserved 1048576K
}
Event: 8.928 GC heap before
{Heap before GC invocations=10 (full 2):
 PSYoungGen      total 816640K, used 154100K [0x0000000755580000, 0x00000007a6980000, 0x00000007c0000000)
  eden space 662528K, 0% used [0x0000000755580000,0x0000000755580000,0x000000077dc80000)
  from space 154112K, 99% used [0x000000079d300000,0x00000007a697d120,0x00000007a6980000)
  to   space 297472K, 0% used [0x0000000782480000,0x0000000782480000,0x0000000794700000)
 ParOldGen       total 507904K, used 507437K [0x0000000680000000, 0x000000069f000000, 0x0000000755580000)
  object space 507904K, 99% used [0x0000000680000000,0x000000069ef8b688,0x000000069f000000)
 Metaspace       used 5711K, capacity 5870K, committed 6144K, reserved 1056768K
  class space    used 625K, capacity 699K, committed 768K, reserved 1048576K
Event: 12.503 GC heap after
Heap after GC invocations=10 (full 2):
 PSYoungGen      total 816640K, used 152439K [0x0000000755580000, 0x00000007a6980000, 0x00000007c0000000)
  eden space 662528K, 0% used [0x0000000755580000,0x0000000755580000,0x000000077dc80000)
  from space 154112K, 98% used [0x000000079d300000,0x00000007a67dde50,0x00000007a6980000)
  to   space 297472K, 0% used [0x0000000782480000,0x0000000782480000,0x0000000794700000)
 ParOldGen       total 905728K, used 507551K [0x0000000680000000, 0x00000006b7480000, 0x0000000755580000)
  object space 905728K, 56% used [0x0000000680000000,0x000000069efa7f00,0x00000006b7480000)
 Metaspace       used 5711K, capacity 5870K, committed 6144K, reserved 1056768K
  class space    used 625K, capacity 699K, committed 768K, reserved 1048576K
}
Event: 12.910 GC heap before
{Heap before GC invocations=11 (full 2):
 PSYoungGen      total 816640K, used 814967K [0x0000000755580000, 0x00000007a6980000, 0x00000007c0000000)
  eden space 662528K, 100% used [0x0000000755580000,0x000000077dc80000,0x000000077dc80000)
  from space 154112K, 98% used [0x000000079d300000,0x00000007a67dde50,0x00000007a6980000)
  to   space 297472K, 0% used [0x0000000782480000,0x0000000782480000,0x0000000794700000)
 ParOldGen       total 905728K, used 507551K [0x0000000680000000, 0x00000006b7480000, 0x0000000755580000)
  object space 905728K, 56% used [0x0000000680000000,0x000000069efa7f00,0x00000006b7480000)
 Metaspace       used 5713K, capacity 5870K, committed 6144K, reserved 1056768K
  class space    used 625K, capacity 699K, committed 768K, reserved 1048576K
Event: 14.217 GC heap after
Heap after GC invocations=11 (full 2):
 PSYoungGen      total 1033728K, used 297463K [0x0000000755580000, 0x00000007bf700000, 0x00000007c0000000)
  eden space 736256K, 0% used [0x0000000755580000,0x0000000755580000,0x0000000782480000)
  from space 297472K, 99% used [0x0000000782480000,0x00000007946fdea0,0x0000000794700000)
  to   space 485376K, 0% used [0x00000007a1d00000,0x00000007a1d00000,0x00000007bf700000)
 ParOldGen       total 905728K, used 826287K [0x0000000680000000, 0x00000006b7480000, 0x0000000755580000)
  object space 905728K, 91% used [0x0000000680000000,0x00000006b26ebf10,0x00000006b7480000)
 Metaspace       used 5713K, capacity 5870K, committed 6144K, reserved 1056768K
  class space    used 625K, capacity 699K, committed 768K, reserved 1048576K
}
Event: 14.217 GC heap before
{Heap before GC invocations=12 (full 3):
 PSYoungGen      total 1033728K, used 297463K [0x0000000755580000, 0x00000007bf700000, 0x00000007c0000000)
  eden space 736256K, 0% used [0x0000000755580000,0x0000000755580000,0x0000000782480000)
  from space 297472K, 99% used [0x0000000782480000,0x00000007946fdea0,0x0000000794700000)
  to   space 485376K, 0% used [0x00000007a1d00000,0x00000007a1d00000,0x00000007bf700000)
 ParOldGen       total 905728K, used 826287K [0x0000000680000000, 0x00000006b7480000, 0x0000000755580000)
  object space 905728K, 91% used [0x0000000680000000,0x00000006b26ebf10,0x00000006b7480000)
 Metaspace       used 5713K, capacity 5870K, committed 6144K, reserved 1056768K
  class space    used 625K, capacity 699K, committed 768K, reserved 1048576K
Event: 19.516 GC heap after
Heap after GC invocations=12 (full 3):
 PSYoungGen      total 1033728K, used 216860K [0x0000000755580000, 0x00000007bf700000, 0x00000007c0000000)
  eden space 736256K, 0% used [0x0000000755580000,0x0000000755580000,0x0000000782480000)
  from space 297472K, 72% used [0x0000000782480000,0x000000078f847100,0x0000000794700000)
  to   space 485376K, 0% used [0x00000007a1d00000,0x00000007a1d00000,0x00000007bf700000)
 ParOldGen       total 1479680K, used 905280K [0x0000000680000000, 0x00000006da500000, 0x0000000755580000)
  object space 1479680K, 61% used [0x0000000680000000,0x00000006b7410080,0x00000006da500000)
 Metaspace       used 5713K, capacity 5870K, committed 6144K, reserved 1056768K
  class space    used 625K, capacity 699K, committed 768K, reserved 1048576K
}
Event: 20.175 GC heap before
{Heap before GC invocations=13 (full 3):
 PSYoungGen      total 1033728K, used 953116K [0x0000000755580000, 0x00000007bf700000, 0x00000007c0000000)
  eden space 736256K, 100% used [0x0000000755580000,0x0000000782480000,0x0000000782480000)
  from space 297472K, 72% used [0x0000000782480000,0x000000078f847100,0x0000000794700000)
  to   space 485376K, 0% used [0x00000007a1d00000,0x00000007a1d00000,0x00000007bf700000)
 ParOldGen       total 1479680K, used 905280K [0x0000000680000000, 0x00000006da500000, 0x0000000755580000)
  object space 1479680K, 61% used [0x0000000680000000,0x00000006b7410080,0x00000006da500000)
 Metaspace       used 5713K, capacity 5870K, committed 6144K, reserved 1056768K
  class space    used 625K, capacity 699K, committed 768K, reserved 1048576K
Event: 37.138 GC heap after
Heap after GC invocations=13 (full 3):
 PSYoungGen      total 1068544K, used 485356K [0x0000000755580000, 0x00000007c0000000, 0x00000007c0000000)
  eden space 583168K, 0% used [0x0000000755580000,0x0000000755580000,0x0000000778f00000)
  from space 485376K, 99% used [0x00000007a1d00000,0x00000007bf6fb010,0x00000007bf700000)
  to   space 582144K, 0% used [0x0000000778f00000,0x0000000778f00000,0x000000079c780000)
 ParOldGen       total 1479680K, used 1157477K [0x0000000680000000, 0x00000006da500000, 0x0000000755580000)
  object space 1479680K, 78% used [0x0000000680000000,0x00000006c6a59728,0x00000006da500000)
 Metaspace       used 5713K, capacity 5870K, committed 6144K, reserved 1056768K
  class space    used 625K, capacity 699K, committed 768K, reserved 1048576K
}
Event: 37.138 GC heap before
{Heap before GC invocations=14 (full 4):
 PSYoungGen      total 1068544K, used 485356K [0x0000000755580000, 0x00000007c0000000, 0x00000007c0000000)
  eden space 583168K, 0% used [0x0000000755580000,0x0000000755580000,0x0000000778f00000)
  from space 485376K, 99% used [0x00000007a1d00000,0x00000007bf6fb010,0x00000007bf700000)
  to   space 582144K, 0% used [0x0000000778f00000,0x0000000778f00000,0x000000079c780000)
 ParOldGen       total 1479680K, used 1157477K [0x0000000680000000, 0x00000006da500000, 0x0000000755580000)
  object space 1479680K, 78% used [0x0000000680000000,0x00000006c6a59728,0x00000006da500000)
 Metaspace       used 5713K, capacity 5870K, committed 6144K, reserved 1056768K
  class space    used 625K, capacity 699K, committed 768K, reserved 1048576K

