# JRE version: Java(TM) SE Runtime Environment (8.0_71-b15) (build 1.8.0_71-b15)
# Java VM: Java HotSpot(TM) 64-Bit Server VM (25.71-b15 mixed mode linux-amd64 compressed oops)
Heap:
 PSYoungGen      total 637952K, used 372637K [0x000000076d100000, 0x00000007b2100000, 0x00000007c0000000)
  eden space 200192K, 0% used [0x000000076d100000,0x000000076d100000,0x0000000779480000)
  from space 437760K, 85% used [0x0000000794e80000,0x00000007aba67768,0x00000007afa00000)
  to   space 452608K, 0% used [0x0000000779480000,0x0000000779480000,0x0000000794e80000)
 ParOldGen       total 979968K, used 979956K [0x00000006c7200000, 0x0000000702f00000, 0x000000076d100000)
  object space 979968K, 99% used [0x00000006c7200000,0x0000000702efd2b0,0x0000000702f00000)
 Metaspace       used 4726K, capacity 5228K, committed 5504K, reserved 1056768K
  class space    used 489K, capacity 530K, committed 640K, reserved 1048576K
GC Heap History (10 events):
Event: 10.019 GC heap after
Heap after GC invocations=12 (full 3):
 PSYoungGen      total 479232K, used 227838K [0x000000076d100000, 0x00000007a1700000, 0x00000007c0000000)
  eden space 185344K, 0% used [0x000000076d100000,0x000000076d100000,0x0000000778600000)
  from space 293888K, 77% used [0x0000000778600000,0x000000078647fb88,0x000000078a500000)
  to   space 316416K, 0% used [0x000000078e200000,0x000000078e200000,0x00000007a1700000)
 ParOldGen       total 951808K, used 628319K [0x00000006c7200000, 0x0000000701380000, 0x000000076d100000)
  object space 951808K, 66% used [0x00000006c7200000,0x00000006ed797d70,0x0000000701380000)
 Metaspace       used 4726K, capacity 5228K, committed 5504K, reserved 1056768K
  class space    used 489K, capacity 530K, committed 640K, reserved 1048576K
}
Event: 10.109 GC heap before
{Heap before GC invocations=13 (full 3):
 PSYoungGen      total 479232K, used 413182K [0x000000076d100000, 0x00000007a1700000, 0x00000007c0000000)
  eden space 185344K, 100% used [0x000000076d100000,0x0000000778600000,0x0000000778600000)
  from space 293888K, 77% used [0x0000000778600000,0x000000078647fb88,0x000000078a500000)
  to   space 316416K, 0% used [0x000000078e200000,0x000000078e200000,0x00000007a1700000)
 ParOldGen       total 951808K, used 628319K [0x00000006c7200000, 0x0000000701380000, 0x000000076d100000)
  object space 951808K, 66% used [0x00000006c7200000,0x00000006ed797d70,0x0000000701380000)
 Metaspace       used 4726K, capacity 5228K, committed 5504K, reserved 1056768K
  class space    used 489K, capacity 530K, committed 640K, reserved 1048576K
Event: 10.542 GC heap after
Heap after GC invocations=13 (full 3):
 PSYoungGen      total 477696K, used 316414K [0x000000076d100000, 0x00000007a9f00000, 0x00000007c0000000)
  eden space 161280K, 0% used [0x000000076d100000,0x000000076d100000,0x0000000776e80000)
  from space 316416K, 99% used [0x000000078e200000,0x00000007a16ff928,0x00000007a1700000)
  to   space 380416K, 0% used [0x0000000776e80000,0x0000000776e80000,0x000000078e200000)
 ParOldGen       total 951808K, used 669975K [0x00000006c7200000, 0x0000000701380000, 0x000000076d100000)
  object space 951808K, 70% used [0x00000006c7200000,0x00000006f0045d70,0x0000000701380000)
 Metaspace       used 4726K, capacity 5228K, committed 5504K, reserved 1056768K
  class space    used 489K, capacity 530K, committed 640K, reserved 1048576K
}
Event: 10.620 GC heap before
{Heap before GC invocations=14 (full 3):
 PSYoungGen      total 477696K, used 477694K [0x000000076d100000, 0x00000007a9f00000, 0x00000007c0000000)
  eden space 161280K, 100% used [0x000000076d100000,0x0000000776e80000,0x0000000776e80000)
  from space 316416K, 99% used [0x000000078e200000,0x00000007a16ff928,0x00000007a1700000)
  to   space 380416K, 0% used [0x0000000776e80000,0x0000000776e80000,0x000000078e200000)
 ParOldGen       total 951808K, used 669975K [0x00000006c7200000, 0x0000000701380000, 0x000000076d100000)
  object space 951808K, 70% used [0x00000006c7200000,0x00000006f0045d70,0x0000000701380000)
 Metaspace       used 4726K, capacity 5228K, committed 5504K, reserved 1056768K
  class space    used 489K, capacity 530K, committed 640K, reserved 1048576K
Event: 11.010 GC heap after
Heap after GC invocations=14 (full 3):
 PSYoungGen      total 541696K, used 374974K [0x000000076d100000, 0x00000007afa00000, 0x00000007c0000000)
  eden space 161280K, 0% used [0x000000076d100000,0x000000076d100000,0x0000000776e80000)
  from space 380416K, 98% used [0x0000000776e80000,0x000000078dcaf8f8,0x000000078e200000)
  to   space 437760K, 0% used [0x0000000794e80000,0x0000000794e80000,0x00000007afa00000)
 ParOldGen       total 951808K, used 725575K [0x00000006c7200000, 0x0000000701380000, 0x000000076d100000)
  object space 951808K, 76% used [0x00000006c7200000,0x00000006f3691dc0,0x0000000701380000)
 Metaspace       used 4726K, capacity 5228K, committed 5504K, reserved 1056768K
  class space    used 489K, capacity 530K, committed 640K, reserved 1048576K
}
Event: 11.093 GC heap before
{Heap before GC invocations=15 (full 3):
 PSYoungGen      total 541696K, used 536254K [0x000000076d100000, 0x00000007afa00000, 0x00000007c0000000)
  eden space 161280K, 100% used [0x000000076d100000,0x0000000776e80000,0x0000000776e80000)
  from space 380416K, 98% used [0x0000000776e80000,0x000000078dcaf8f8,0x000000078e200000)
  to   space 437760K, 0% used [0x0000000794e80000,0x0000000794e80000,0x00000007afa00000)
 ParOldGen       total 951808K, used 725575K [0x00000006c7200000, 0x0000000701380000, 0x000000076d100000)
  object space 951808K, 76% used [0x00000006c7200000,0x00000006f3691dc0,0x0000000701380000)
 Metaspace       used 4726K, capacity 5228K, committed 5504K, reserved 1056768K
  class space    used 489K, capacity 530K, committed 640K, reserved 1048576K
Event: 17.923 GC heap after
Heap after GC invocations=15 (full 3):
 PSYoungGen      total 637952K, used 437757K [0x000000076d100000, 0x00000007b2100000, 0x00000007c0000000)
  eden space 200192K, 0% used [0x000000076d100000,0x000000076d100000,0x0000000779480000)
  from space 437760K, 99% used [0x0000000794e80000,0x00000007af9ff568,0x00000007afa00000)
  to   space 452608K, 0% used [0x0000000779480000,0x0000000779480000,0x0000000794e80000)
 ParOldGen       total 951808K, used 775343K [0x00000006c7200000, 0x0000000701380000, 0x000000076d100000)
  object space 951808K, 81% used [0x00000006c7200000,0x00000006f672bdc0,0x0000000701380000)
 Metaspace       used 4726K, capacity 5228K, committed 5504K, reserved 1056768K
  class space    used 489K, capacity 530K, committed 640K, reserved 1048576K
}
Event: 18.249 GC heap before
{Heap before GC invocations=16 (full 3):
 PSYoungGen      total 637952K, used 637949K [0x000000076d100000, 0x00000007b2100000, 0x00000007c0000000)
  eden space 200192K, 100% used [0x000000076d100000,0x0000000779480000,0x0000000779480000)
  from space 437760K, 99% used [0x0000000794e80000,0x00000007af9ff568,0x00000007afa00000)
  to   space 452608K, 0% used [0x0000000779480000,0x0000000779480000,0x0000000794e80000)
 ParOldGen       total 951808K, used 775343K [0x00000006c7200000, 0x0000000701380000, 0x000000076d100000)
  object space 951808K, 81% used [0x00000006c7200000,0x00000006f672bdc0,0x0000000701380000)
 Metaspace       used 4726K, capacity 5228K, committed 5504K, reserved 1056768K
  class space    used 489K, capacity 530K, committed 640K, reserved 1048576K
Event: 19.249 GC heap after
Heap after GC invocations=16 (full 3):
 PSYoungGen      total 637952K, used 637949K [0x000000076d100000, 0x00000007b2100000, 0x00000007c0000000)
  eden space 200192K, 100% used [0x000000076d100000,0x0000000779480000,0x0000000779480000)
  from space 437760K, 99% used [0x0000000794e80000,0x00000007af9ff568,0x00000007afa00000)
  to   space 452608K, 81% used [0x0000000779480000,0x000000078fd2f568,0x0000000794e80000)
 ParOldGen       total 979968K, used 979727K [0x00000006c7200000, 0x0000000702f00000, 0x000000076d100000)
  object space 979968K, 99% used [0x00000006c7200000,0x0000000702ec3dc0,0x0000000702f00000)
 Metaspace       used 4726K, capacity 5228K, committed 5504K, reserved 1056768K
  class space    used 489K, capacity 530K, committed 640K, reserved 1048576K
}
Event: 19.249 GC heap before
{Heap before GC invocations=17 (full 4):
 PSYoungGen      total 637952K, used 637949K [0x000000076d100000, 0x00000007b2100000, 0x00000007c0000000)
  eden space 200192K, 100% used [0x000000076d100000,0x0000000779480000,0x0000000779480000)
  from space 437760K, 99% used [0x0000000794e80000,0x00000007af9ff568,0x00000007afa00000)
  to   space 452608K, 81% used [0x0000000779480000,0x000000078fd2f568,0x0000000794e80000)
 ParOldGen       total 979968K, used 979727K [0x00000006c7200000, 0x0000000702f00000, 0x000000076d100000)
  object space 979968K, 99% used [0x00000006c7200000,0x0000000702ec3dc0,0x0000000702f00000)
 Metaspace       used 4726K, capacity 5228K, committed 5504K, reserved 1056768K
  class space    used 489K, capacity 530K, committed 640K, reserved 1048576K

