# JRE version: Java(TM) SE Runtime Environment (8.0_71-b15) (build 1.8.0_71-b15)
# Java VM: Java HotSpot(TM) 64-Bit Server VM (25.71-b15 mixed mode linux-amd64 compressed oops)
Heap:
 PSYoungGen      total 989696K, used 218098K [0x0000000755580000, 0x00000007ab080000, 0x00000007c0000000)
  eden space 911872K, 23% used [0x0000000755580000,0x0000000762a7c8a0,0x000000078d000000)
  from space 77824K, 0% used [0x0000000798980000,0x0000000798980000,0x000000079d580000)
  to   space 189952K, 0% used [0x000000078d000000,0x000000078d000000,0x0000000798980000)
 ParOldGen       total 1762816K, used 1762660K [0x0000000680000000, 0x00000006eb980000, 0x0000000755580000)
  object space 1762816K, 99% used [0x0000000680000000,0x00000006eb959390,0x00000006eb980000)
 Metaspace       used 4750K, capacity 5228K, committed 5504K, reserved 1056768K
  class space    used 491K, capacity 530K, committed 640K, reserved 1048576K
GC Heap History (10 events):
Event: 14.876 GC heap after
Heap after GC invocations=10 (full 1):
 PSYoungGen      total 989696K, used 989607K [0x0000000755580000, 0x00000007ab080000, 0x00000007c0000000)
  eden space 911872K, 100% used [0x0000000755580000,0x000000078d000000,0x000000078d000000)
  from space 77824K, 99% used [0x0000000798980000,0x000000079d569c90,0x000000079d580000)
  to   space 189952K, 99% used [0x000000078d000000,0x000000079897db98,0x0000000798980000)
 ParOldGen       total 796160K, used 795985K [0x0000000680000000, 0x00000006b0980000, 0x0000000755580000)
  object space 796160K, 99% used [0x0000000680000000,0x00000006b0954720,0x00000006b0980000)
 Metaspace       used 4748K, capacity 5228K, committed 5504K, reserved 1056768K
  class space    used 491K, capacity 530K, committed 640K, reserved 1048576K
}
Event: 14.876 GC heap before
{Heap before GC invocations=11 (full 2):
 PSYoungGen      total 989696K, used 989607K [0x0000000755580000, 0x00000007ab080000, 0x00000007c0000000)
  eden space 911872K, 100% used [0x0000000755580000,0x000000078d000000,0x000000078d000000)
  from space 77824K, 99% used [0x0000000798980000,0x000000079d569c90,0x000000079d580000)
  to   space 189952K, 99% used [0x000000078d000000,0x000000079897db98,0x0000000798980000)
 ParOldGen       total 796160K, used 795985K [0x0000000680000000, 0x00000006b0980000, 0x0000000755580000)
  object space 796160K, 99% used [0x0000000680000000,0x00000006b0954720,0x00000006b0980000)
 Metaspace       used 4748K, capacity 5228K, committed 5504K, reserved 1056768K
  class space    used 491K, capacity 530K, committed 640K, reserved 1048576K
Event: 21.540 GC heap after
Heap after GC invocations=11 (full 2):
 PSYoungGen      total 989696K, used 205547K [0x0000000755580000, 0x00000007ab080000, 0x00000007c0000000)
  eden space 911872K, 22% used [0x0000000755580000,0x0000000761e3ac00,0x000000078d000000)
  from space 77824K, 0% used [0x0000000798980000,0x0000000798980000,0x000000079d580000)
  to   space 189952K, 0% used [0x000000078d000000,0x000000078d000000,0x0000000798980000)
 ParOldGen       total 1108992K, used 796158K [0x0000000680000000, 0x00000006c3b00000, 0x0000000755580000)
  object space 1108992K, 71% used [0x0000000680000000,0x00000006b097f950,0x00000006c3b00000)
 Metaspace       used 4748K, capacity 5228K, committed 5504K, reserved 1056768K
  class space    used 491K, capacity 530K, committed 640K, reserved 1048576K
}
Event: 21.931 GC heap before
{Heap before GC invocations=12 (full 2):
 PSYoungGen      total 989696K, used 911872K [0x0000000755580000, 0x00000007ab080000, 0x00000007c0000000)
  eden space 911872K, 100% used [0x0000000755580000,0x000000078d000000,0x000000078d000000)
  from space 77824K, 0% used [0x0000000798980000,0x0000000798980000,0x000000079d580000)
  to   space 189952K, 0% used [0x000000078d000000,0x000000078d000000,0x0000000798980000)
 ParOldGen       total 1108992K, used 796158K [0x0000000680000000, 0x00000006c3b00000, 0x0000000755580000)
  object space 1108992K, 71% used [0x0000000680000000,0x00000006b097f950,0x00000006c3b00000)
 Metaspace       used 4750K, capacity 5228K, committed 5504K, reserved 1056768K
  class space    used 491K, capacity 530K, committed 640K, reserved 1048576K
Event: 64.826 GC heap after
Heap after GC invocations=12 (full 2):
 PSYoungGen      total 989696K, used 911872K [0x0000000755580000, 0x00000007ab080000, 0x00000007c0000000)
  eden space 911872K, 100% used [0x0000000755580000,0x000000078d000000,0x000000078d000000)
  from space 77824K, 0% used [0x0000000798980000,0x0000000798980000,0x000000079d580000)
  to   space 189952K, 99% used [0x000000078d000000,0x0000000798979588,0x0000000798980000)
 ParOldGen       total 1275904K, used 1275726K [0x0000000680000000, 0x00000006cde00000, 0x0000000755580000)
  object space 1275904K, 99% used [0x0000000680000000,0x00000006cddd3960,0x00000006cde00000)
 Metaspace       used 4750K, capacity 5228K, committed 5504K, reserved 1056768K
  class space    used 491K, capacity 530K, committed 640K, reserved 1048576K
}
Event: 64.826 GC heap before
{Heap before GC invocations=13 (full 3):
 PSYoungGen      total 989696K, used 911872K [0x0000000755580000, 0x00000007ab080000, 0x00000007c0000000)
  eden space 911872K, 100% used [0x0000000755580000,0x000000078d000000,0x000000078d000000)
  from space 77824K, 0% used [0x0000000798980000,0x0000000798980000,0x000000079d580000)
  to   space 189952K, 99% used [0x000000078d000000,0x0000000798979588,0x0000000798980000)
 ParOldGen       total 1275904K, used 1275726K [0x0000000680000000, 0x00000006cde00000, 0x0000000755580000)
  object space 1275904K, 99% used [0x0000000680000000,0x00000006cddd3960,0x00000006cde00000)
 Metaspace       used 4750K, capacity 5228K, committed 5504K, reserved 1056768K
  class space    used 491K, capacity 530K, committed 640K, reserved 1048576K
Event: 72.152 GC heap after
Heap after GC invocations=13 (full 3):
 PSYoungGen      total 989696K, used 221451K [0x0000000755580000, 0x00000007ab080000, 0x00000007c0000000)
  eden space 911872K, 24% used [0x0000000755580000,0x0000000762dc2da8,0x000000078d000000)
  from space 77824K, 0% used [0x0000000798980000,0x0000000798980000,0x000000079d580000)
  to   space 189952K, 0% used [0x000000078d000000,0x000000078d000000,0x0000000798980000)
 ParOldGen       total 1643520K, used 1275853K [0x0000000680000000, 0x00000006e4500000, 0x0000000755580000)
  object space 1643520K, 77% used [0x0000000680000000,0x00000006cddf3498,0x00000006e4500000)
 Metaspace       used 4750K, capacity 5228K, committed 5504K, reserved 1056768K
  class space    used 491K, capacity 530K, committed 640K, reserved 1048576K
}
Event: 72.564 GC heap before
{Heap before GC invocations=14 (full 3):
 PSYoungGen      total 989696K, used 911872K [0x0000000755580000, 0x00000007ab080000, 0x00000007c0000000)
  eden space 911872K, 100% used [0x0000000755580000,0x000000078d000000,0x000000078d000000)
  from space 77824K, 0% used [0x0000000798980000,0x0000000798980000,0x000000079d580000)
  to   space 189952K, 0% used [0x000000078d000000,0x000000078d000000,0x0000000798980000)
 ParOldGen       total 1643520K, used 1275853K [0x0000000680000000, 0x00000006e4500000, 0x0000000755580000)
  object space 1643520K, 77% used [0x0000000680000000,0x00000006cddf3498,0x00000006e4500000)
 Metaspace       used 4750K, capacity 5228K, committed 5504K, reserved 1056768K
  class space    used 491K, capacity 530K, committed 640K, reserved 1048576K
Event: 74.939 GC heap after
Heap after GC invocations=14 (full 3):
 PSYoungGen      total 989696K, used 911872K [0x0000000755580000, 0x00000007ab080000, 0x00000007c0000000)
  eden space 911872K, 100% used [0x0000000755580000,0x000000078d000000,0x000000078d000000)
  from space 77824K, 0% used [0x0000000798980000,0x0000000798980000,0x000000079d580000)
  to   space 189952K, 99% used [0x000000078d000000,0x000000079897ee38,0x0000000798980000)
 ParOldGen       total 1762816K, used 1762612K [0x0000000680000000, 0x00000006eb980000, 0x0000000755580000)
  object space 1762816K, 99% used [0x0000000680000000,0x00000006eb94d2a0,0x00000006eb980000)
 Metaspace       used 4750K, capacity 5228K, committed 5504K, reserved 1056768K
  class space    used 491K, capacity 530K, committed 640K, reserved 1048576K
}
Event: 74.945 GC heap before
{Heap before GC invocations=15 (full 4):
 PSYoungGen      total 989696K, used 911872K [0x0000000755580000, 0x00000007ab080000, 0x00000007c0000000)
  eden space 911872K, 100% used [0x0000000755580000,0x000000078d000000,0x000000078d000000)
  from space 77824K, 0% used [0x0000000798980000,0x0000000798980000,0x000000079d580000)
  to   space 189952K, 99% used [0x000000078d000000,0x000000079897ee38,0x0000000798980000)
 ParOldGen       total 1762816K, used 1762612K [0x0000000680000000, 0x00000006eb980000, 0x0000000755580000)
  object space 1762816K, 99% used [0x0000000680000000,0x00000006eb94d2a0,0x00000006eb980000)
 Metaspace       used 4750K, capacity 5228K, committed 5504K, reserved 1056768K
  class space    used 491K, capacity 530K, committed 640K, reserved 1048576K

